Determining if the pthread_create exist failed with the following output:
Change Dir: /home/zl/PycharmProjects/vnpy/vnpy/api/ib/build/CMakeFiles/CMakeTmp

Run Build Command:"/usr/bin/make" "cmTC_262c5/fast"
/usr/bin/make -f CMakeFiles/cmTC_262c5.dir/build.make CMakeFiles/cmTC_262c5.dir/build
make[1]: 进入目录“/home/zl/PycharmProjects/vnpy/vnpy/api/ib/build/CMakeFiles/CMakeTmp”
Building CXX object CMakeFiles/cmTC_262c5.dir/CheckSymbolExists.cxx.o
/usr/bin/c++    -fPIC -std=c++11    -o CMakeFiles/cmTC_262c5.dir/CheckSymbolExists.cxx.o -c /home/zl/PycharmProjects/vnpy/vnpy/api/ib/build/CMakeFiles/CMakeTmp/CheckSymbolExists.cxx
Linking CXX executable cmTC_262c5
/usr/bin/cmake -E cmake_link_script CMakeFiles/cmTC_262c5.dir/link.txt --verbose=1
/usr/bin/c++   -fPIC -std=c++11     -rdynamic CMakeFiles/cmTC_262c5.dir/CheckSymbolExists.cxx.o  -o cmTC_262c5 
CMakeFiles/cmTC_262c5.dir/CheckSymbolExists.cxx.o：在函数‘main’中：
CheckSymbolExists.cxx:(.text+0x1b)：对‘pthread_create’未定义的引用
collect2: error: ld returned 1 exit status
CMakeFiles/cmTC_262c5.dir/build.make:97: recipe for target 'cmTC_262c5' failed
make[1]: *** [cmTC_262c5] Error 1
make[1]: 离开目录“/home/zl/PycharmProjects/vnpy/vnpy/api/ib/build/CMakeFiles/CMakeTmp”
Makefile:126: recipe for target 'cmTC_262c5/fast' failed
make: *** [cmTC_262c5/fast] Error 2

File /home/zl/PycharmProjects/vnpy/vnpy/api/ib/build/CMakeFiles/CMakeTmp/CheckSymbolExists.cxx:
/* */
#include <pthread.h>

int main(int argc, char** argv)
{
  (void)argv;
#ifndef pthread_create
  return ((int*)(&pthread_create))[argc];
#else
  (void)argc;
  return 0;
#endif
}

Determining if the function pthread_create exists in the pthreads failed with the following output:
Change Dir: /home/zl/PycharmProjects/vnpy/vnpy/api/ib/build/CMakeFiles/CMakeTmp

Run Build Command:"/usr/bin/make" "cmTC_a81ff/fast"
/usr/bin/make -f CMakeFiles/cmTC_a81ff.dir/build.make CMakeFiles/cmTC_a81ff.dir/build
make[1]: 进入目录“/home/zl/PycharmProjects/vnpy/vnpy/api/ib/build/CMakeFiles/CMakeTmp”
Building CXX object CMakeFiles/cmTC_a81ff.dir/CheckFunctionExists.cxx.o
/usr/bin/c++    -fPIC -std=c++11 -DCHECK_FUNCTION_EXISTS=pthread_create   -o CMakeFiles/cmTC_a81ff.dir/CheckFunctionExists.cxx.o -c /home/zl/PycharmProjects/vnpy/vnpy/api/ib/build/CMakeFiles/CheckLibraryExists/CheckFunctionExists.cxx
Linking CXX executable cmTC_a81ff
/usr/bin/cmake -E cmake_link_script CMakeFiles/cmTC_a81ff.dir/link.txt --verbose=1
/usr/bin/c++   -fPIC -std=c++11 -DCHECK_FUNCTION_EXISTS=pthread_create    -rdynamic CMakeFiles/cmTC_a81ff.dir/CheckFunctionExists.cxx.o  -o cmTC_a81ff -lpthreads 
/usr/bin/x86_64-linux-gnu-ld: 找不到 -lpthreads
collect2: error: ld returned 1 exit status
CMakeFiles/cmTC_a81ff.dir/build.make:97: recipe for target 'cmTC_a81ff' failed
make[1]: *** [cmTC_a81ff] Error 1
make[1]: 离开目录“/home/zl/PycharmProjects/vnpy/vnpy/api/ib/build/CMakeFiles/CMakeTmp”
Makefile:126: recipe for target 'cmTC_a81ff/fast' failed
make: *** [cmTC_a81ff/fast] Error 2


